::1 - - [21/Feb/2013:15:50:16 +0800] "GET / HTTP/1.1" 200 2036 "-"
::1 - - [21/Feb/2013:15:50:16 +0800] "GET /scripts/zepto.js HTTP/1.1" 200 48107 "http://localhost:8888/"
::1 - - [21/Feb/2013:15:50:16 +0800] "GET /scripts/ICanHaz.js HTTP/1.1" 200 16135 "http://localhost:8888/"
::1 - - [21/Feb/2013:15:50:16 +0800] "GET /scripts/underscore.js HTTP/1.1" 200 37390 "http://localhost:8888/"
::1 - - [21/Feb/2013:15:50:16 +0800] "GET /scripts/bridge.js HTTP/1.1" 200 5473 "http://localhost:8888/"
::1 - - [21/Feb/2013:15:50:16 +0800] "GET /scripts/init.js HTTP/1.1" 200 356 "http://localhost:8888/"
::1 - - [21/Feb/2013:15:50:16 +0800] "GET /scripts/alert.web.js HTTP/1.1" 200 635 "http://localhost:8888/"
::1 - - [21/Feb/2013:15:50:16 +0800] "GET /scripts/shell.js HTTP/1.1" 200 1071 "http://localhost:8888/"
::1 - - [21/Feb/2013:15:50:16 +0800] "GET /scripts/page.conversionForm.js HTTP/1.1" 200 1954 "http://localhost:8888/"
::1 - - [21/Feb/2013:15:50:16 +0800] "GET /scripts/env.js HTTP/1.1" 200 354 "http://localhost:8888/"
::1 - - [21/Feb/2013:15:50:16 +0800] "GET /scripts/pageHelper.js HTTP/1.1" 200 643 "http://localhost:8888/"
::1 - - [21/Feb/2013:15:50:16 +0800] "GET /scripts/controller.converter.js HTTP/1.1" 200 2513 "http://localhost:8888/"
::1 - - [21/Feb/2013:15:50:16 +0800] "GET /scripts/alert.js HTTP/1.1" 200 477 "http://localhost:8888/"
::1 - - [21/Feb/2013:15:50:16 +0800] "GET /scripts/init.converter.js HTTP/1.1" 200 492 "http://localhost:8888/"
::1 - - [21/Feb/2013:15:50:16 +0800] "GET /scripts/calatrava.js HTTP/1.1" 200 7949 "http://localhost:8888/"
::1 - - [21/Feb/2013:15:50:17 +0800] "GET /favicon.ico HTTP/1.1" 404 209 "-"
::1 - - [21/Feb/2013:15:50:23 +0800] "OPTIONS * HTTP/1.0" 200 - "-"
::1 - - [21/Feb/2013:15:50:24 +0800] "OPTIONS * HTTP/1.0" 200 - "-"
::1 - - [21/Feb/2013:15:54:55 +0800] "GET /favicon.ico HTTP/1.1" 404 209 "-"
::1 - - [21/Feb/2013:15:55:06 +0800] "OPTIONS * HTTP/1.0" 200 - "-"
