[Thu Feb 21 15:49:58 2013] [info] Init: Initialized OpenSSL library
[Thu Feb 21 15:49:58 2013] [info] Init: Seeding PRNG with 0 bytes of entropy
[Thu Feb 21 15:49:58 2013] [info] Init: Generating temporary RSA private keys (512/1024 bits)
[Thu Feb 21 15:49:58 2013] [info] Init: Generating temporary DH parameters (512/1024 bits)
[Thu Feb 21 15:49:58 2013] [warn] Init: Session Cache is not configured [hint: SSLSessionCache]
[Thu Feb 21 15:49:58 2013] [info] Init: Initializing (virtual) servers for SSL
[Thu Feb 21 15:49:58 2013] [debug] ssl_engine_init.c(467): Creating new SSL context (protocols: SSLv2, SSLv3, TLSv1)
[Thu Feb 21 15:49:58 2013] [info] mod_ssl/2.2.22 compiled against Server: Apache/2.2.22, Library: OpenSSL/0.9.8r
[Thu Feb 21 15:49:58 2013] [debug] mod_so.c(246): loaded module ssl_module
[Thu Feb 21 15:49:58 2013] [debug] mod_so.c(246): loaded module proxy_module
[Thu Feb 21 15:49:58 2013] [debug] mod_so.c(246): loaded module proxy_http_module
[Thu Feb 21 15:49:58 2013] [debug] mod_so.c(246): loaded module headers_module
[Thu Feb 21 15:49:58 2013] [debug] mod_so.c(246): loaded module log_config_module
[Thu Feb 21 15:49:58 2013] [debug] mod_so.c(246): loaded module mime_module
[Thu Feb 21 15:49:58 2013] [debug] mod_so.c(246): loaded module dir_module
[Thu Feb 21 15:49:58 2013] [debug] mod_so.c(246): loaded module alias_module
httpd: apr_sockaddr_info_get() failed for jack.wang
httpd: Could not reliably determine the server's fully qualified domain name, using 127.0.0.1 for ServerName
[Thu Feb 21 15:49:58 2013] [info] Init: Initialized OpenSSL library
[Thu Feb 21 15:49:58 2013] [info] Init: Seeding PRNG with 0 bytes of entropy
[Thu Feb 21 15:49:58 2013] [info] Init: Generating temporary RSA private keys (512/1024 bits)
[Thu Feb 21 15:49:58 2013] [info] Init: Generating temporary DH parameters (512/1024 bits)
[Thu Feb 21 15:49:58 2013] [info] Init: Initializing (virtual) servers for SSL
[Thu Feb 21 15:49:58 2013] [debug] ssl_engine_init.c(467): Creating new SSL context (protocols: SSLv2, SSLv3, TLSv1)
[Thu Feb 21 15:49:58 2013] [info] mod_ssl/2.2.22 compiled against Server: Apache/2.2.22, Library: OpenSSL/0.9.8r
[Thu Feb 21 15:49:58 2013] [notice] Apache/2.2.22 (Unix) mod_ssl/2.2.22 OpenSSL/0.9.8r configured -- resuming normal operations
[Thu Feb 21 15:49:58 2013] [info] Server built: Aug 28 2012 17:47:11
[Thu Feb 21 15:49:58 2013] [debug] prefork.c(1023): AcceptMutex: flock (default: flock)
[Thu Feb 21 15:49:58 2013] [debug] proxy_util.c(1818): proxy: grabbed scoreboard slot 0 in child 66460 for worker http://localhost:8081/api
[Thu Feb 21 15:49:58 2013] [debug] proxy_util.c(1818): proxy: grabbed scoreboard slot 0 in child 66462 for worker http://localhost:8081/api
[Thu Feb 21 15:49:58 2013] [debug] proxy_util.c(1837): proxy: worker http://localhost:8081/api already initialized
[Thu Feb 21 15:49:58 2013] [debug] proxy_util.c(1934): proxy: initialized single connection worker 0 in child 66460 for (localhost)
[Thu Feb 21 15:49:58 2013] [debug] proxy_util.c(1934): proxy: initialized single connection worker 0 in child 66462 for (localhost)
[Thu Feb 21 15:49:58 2013] [debug] proxy_util.c(1818): proxy: grabbed scoreboard slot 1 in child 66460 for worker proxy:reverse
[Thu Feb 21 15:49:58 2013] [debug] proxy_util.c(1818): proxy: grabbed scoreboard slot 1 in child 66462 for worker proxy:reverse
[Thu Feb 21 15:49:58 2013] [debug] proxy_util.c(1934): proxy: initialized single connection worker 1 in child 66460 for (*)
[Thu Feb 21 15:49:58 2013] [debug] proxy_util.c(1837): proxy: worker proxy:reverse already initialized
[Thu Feb 21 15:49:58 2013] [debug] proxy_util.c(1934): proxy: initialized single connection worker 1 in child 66462 for (*)
[Thu Feb 21 15:49:58 2013] [debug] proxy_util.c(1818): proxy: grabbed scoreboard slot 0 in child 66461 for worker http://localhost:8081/api
[Thu Feb 21 15:49:58 2013] [debug] proxy_util.c(1837): proxy: worker http://localhost:8081/api already initialized
[Thu Feb 21 15:49:58 2013] [debug] proxy_util.c(1818): proxy: grabbed scoreboard slot 0 in child 66463 for worker http://localhost:8081/api
[Thu Feb 21 15:49:58 2013] [debug] proxy_util.c(1934): proxy: initialized single connection worker 0 in child 66461 for (localhost)
[Thu Feb 21 15:49:58 2013] [debug] proxy_util.c(1818): proxy: grabbed scoreboard slot 0 in child 66464 for worker http://localhost:8081/api
[Thu Feb 21 15:49:58 2013] [debug] proxy_util.c(1837): proxy: worker http://localhost:8081/api already initialized
[Thu Feb 21 15:49:58 2013] [debug] proxy_util.c(1818): proxy: grabbed scoreboard slot 1 in child 66461 for worker proxy:reverse
[Thu Feb 21 15:49:58 2013] [debug] proxy_util.c(1837): proxy: worker http://localhost:8081/api already initialized
[Thu Feb 21 15:49:58 2013] [debug] proxy_util.c(1837): proxy: worker proxy:reverse already initialized
[Thu Feb 21 15:49:58 2013] [debug] proxy_util.c(1934): proxy: initialized single connection worker 1 in child 66461 for (*)
[Thu Feb 21 15:49:58 2013] [debug] proxy_util.c(1934): proxy: initialized single connection worker 0 in child 66463 for (localhost)
[Thu Feb 21 15:49:58 2013] [debug] proxy_util.c(1934): proxy: initialized single connection worker 0 in child 66464 for (localhost)
[Thu Feb 21 15:49:58 2013] [debug] proxy_util.c(1818): proxy: grabbed scoreboard slot 1 in child 66463 for worker proxy:reverse
[Thu Feb 21 15:49:58 2013] [debug] proxy_util.c(1837): proxy: worker proxy:reverse already initialized
[Thu Feb 21 15:49:58 2013] [debug] proxy_util.c(1818): proxy: grabbed scoreboard slot 1 in child 66464 for worker proxy:reverse
[Thu Feb 21 15:49:58 2013] [debug] proxy_util.c(1934): proxy: initialized single connection worker 1 in child 66463 for (*)
[Thu Feb 21 15:49:58 2013] [debug] proxy_util.c(1837): proxy: worker proxy:reverse already initialized
[Thu Feb 21 15:49:58 2013] [debug] proxy_util.c(1934): proxy: initialized single connection worker 1 in child 66464 for (*)
[Thu Feb 21 15:50:16 2013] [debug] proxy_util.c(1818): proxy: grabbed scoreboard slot 0 in child 66468 for worker http://localhost:8081/api
[Thu Feb 21 15:50:16 2013] [debug] proxy_util.c(1837): proxy: worker http://localhost:8081/api already initialized
[Thu Feb 21 15:50:16 2013] [debug] proxy_util.c(1934): proxy: initialized single connection worker 0 in child 66468 for (localhost)
[Thu Feb 21 15:50:16 2013] [debug] proxy_util.c(1818): proxy: grabbed scoreboard slot 1 in child 66468 for worker proxy:reverse
[Thu Feb 21 15:50:16 2013] [debug] proxy_util.c(1837): proxy: worker proxy:reverse already initialized
[Thu Feb 21 15:50:16 2013] [debug] proxy_util.c(1934): proxy: initialized single connection worker 1 in child 66468 for (*)
[Thu Feb 21 15:50:17 2013] [error] [client ::1] File does not exist: /Users/twer/Documents/TWDoc/myfirm/client/myfirm/web/apache/public/favicon.ico
[Thu Feb 21 15:50:17 2013] [debug] proxy_util.c(1818): proxy: grabbed scoreboard slot 0 in child 66469 for worker http://localhost:8081/api
[Thu Feb 21 15:50:17 2013] [debug] proxy_util.c(1837): proxy: worker http://localhost:8081/api already initialized
[Thu Feb 21 15:50:17 2013] [debug] proxy_util.c(1818): proxy: grabbed scoreboard slot 0 in child 66470 for worker http://localhost:8081/api
[Thu Feb 21 15:50:17 2013] [debug] proxy_util.c(1837): proxy: worker http://localhost:8081/api already initialized
[Thu Feb 21 15:50:17 2013] [debug] proxy_util.c(1934): proxy: initialized single connection worker 0 in child 66469 for (localhost)
[Thu Feb 21 15:50:17 2013] [debug] proxy_util.c(1934): proxy: initialized single connection worker 0 in child 66470 for (localhost)
[Thu Feb 21 15:50:17 2013] [debug] proxy_util.c(1818): proxy: grabbed scoreboard slot 1 in child 66469 for worker proxy:reverse
[Thu Feb 21 15:50:17 2013] [debug] proxy_util.c(1818): proxy: grabbed scoreboard slot 1 in child 66470 for worker proxy:reverse
[Thu Feb 21 15:50:17 2013] [debug] proxy_util.c(1837): proxy: worker proxy:reverse already initialized
[Thu Feb 21 15:50:17 2013] [debug] proxy_util.c(1837): proxy: worker proxy:reverse already initialized
[Thu Feb 21 15:50:17 2013] [debug] proxy_util.c(1934): proxy: initialized single connection worker 1 in child 66469 for (*)
[Thu Feb 21 15:50:17 2013] [debug] proxy_util.c(1934): proxy: initialized single connection worker 1 in child 66470 for (*)
[Thu Feb 21 15:50:18 2013] [debug] proxy_util.c(1818): proxy: grabbed scoreboard slot 0 in child 66471 for worker http://localhost:8081/api
[Thu Feb 21 15:50:18 2013] [debug] proxy_util.c(1837): proxy: worker http://localhost:8081/api already initialized
[Thu Feb 21 15:50:18 2013] [debug] proxy_util.c(1934): proxy: initialized single connection worker 0 in child 66471 for (localhost)
[Thu Feb 21 15:50:18 2013] [debug] proxy_util.c(1818): proxy: grabbed scoreboard slot 1 in child 66471 for worker proxy:reverse
[Thu Feb 21 15:50:18 2013] [debug] proxy_util.c(1818): proxy: grabbed scoreboard slot 0 in child 66472 for worker http://localhost:8081/api
[Thu Feb 21 15:50:18 2013] [debug] proxy_util.c(1837): proxy: worker proxy:reverse already initialized
[Thu Feb 21 15:50:18 2013] [debug] proxy_util.c(1837): proxy: worker http://localhost:8081/api already initialized
[Thu Feb 21 15:50:18 2013] [debug] proxy_util.c(1934): proxy: initialized single connection worker 1 in child 66471 for (*)
[Thu Feb 21 15:50:18 2013] [debug] proxy_util.c(1934): proxy: initialized single connection worker 0 in child 66472 for (localhost)
[Thu Feb 21 15:50:18 2013] [debug] proxy_util.c(1818): proxy: grabbed scoreboard slot 0 in child 66473 for worker http://localhost:8081/api
[Thu Feb 21 15:50:18 2013] [debug] proxy_util.c(1818): proxy: grabbed scoreboard slot 1 in child 66472 for worker proxy:reverse
[Thu Feb 21 15:50:18 2013] [debug] proxy_util.c(1837): proxy: worker http://localhost:8081/api already initialized
[Thu Feb 21 15:50:18 2013] [debug] proxy_util.c(1837): proxy: worker proxy:reverse already initialized
[Thu Feb 21 15:50:18 2013] [debug] proxy_util.c(1934): proxy: initialized single connection worker 1 in child 66472 for (*)
[Thu Feb 21 15:50:18 2013] [debug] proxy_util.c(1934): proxy: initialized single connection worker 0 in child 66473 for (localhost)
[Thu Feb 21 15:50:18 2013] [debug] proxy_util.c(1818): proxy: grabbed scoreboard slot 1 in child 66473 for worker proxy:reverse
[Thu Feb 21 15:50:18 2013] [debug] proxy_util.c(1837): proxy: worker proxy:reverse already initialized
[Thu Feb 21 15:50:18 2013] [debug] proxy_util.c(1934): proxy: initialized single connection worker 1 in child 66473 for (*)
[Thu Feb 21 15:50:18 2013] [debug] proxy_util.c(1818): proxy: grabbed scoreboard slot 0 in child 66474 for worker http://localhost:8081/api
[Thu Feb 21 15:50:18 2013] [debug] proxy_util.c(1837): proxy: worker http://localhost:8081/api already initialized
[Thu Feb 21 15:50:18 2013] [debug] proxy_util.c(1934): proxy: initialized single connection worker 0 in child 66474 for (localhost)
[Thu Feb 21 15:50:18 2013] [debug] proxy_util.c(1818): proxy: grabbed scoreboard slot 1 in child 66474 for worker proxy:reverse
[Thu Feb 21 15:50:18 2013] [debug] proxy_util.c(1837): proxy: worker proxy:reverse already initialized
[Thu Feb 21 15:50:18 2013] [debug] proxy_util.c(1934): proxy: initialized single connection worker 1 in child 66474 for (*)
[Thu Feb 21 15:54:55 2013] [error] [client ::1] File does not exist: /Users/twer/Documents/TWDoc/myfirm/client/myfirm/web/apache/public/favicon.ico
[Thu Feb 21 15:54:56 2013] [debug] proxy_util.c(1818): proxy: grabbed scoreboard slot 0 in child 66490 for worker http://localhost:8081/api
[Thu Feb 21 15:54:56 2013] [debug] proxy_util.c(1837): proxy: worker http://localhost:8081/api already initialized
[Thu Feb 21 15:54:56 2013] [debug] proxy_util.c(1934): proxy: initialized single connection worker 0 in child 66490 for (localhost)
[Thu Feb 21 15:54:56 2013] [debug] proxy_util.c(1818): proxy: grabbed scoreboard slot 1 in child 66490 for worker proxy:reverse
[Thu Feb 21 15:54:56 2013] [debug] proxy_util.c(1837): proxy: worker proxy:reverse already initialized
[Thu Feb 21 15:54:56 2013] [debug] proxy_util.c(1934): proxy: initialized single connection worker 1 in child 66490 for (*)
[Thu Feb 21 16:00:18 2013] [info] removed PID file web/apache/logs/httpd.pid (pid=66456)
[Thu Feb 21 16:00:18 2013] [notice] caught SIGTERM, shutting down
